<?xml version="1.0" encoding="UTF-8"?>
<testng-results skipped="0" failed="1" ignored="0" total="1" passed="0">
  <reporter-output>
  </reporter-output>
  <suite name="TestNG Forum" duration-ms="418" started-at="2019-05-31T05:21:00Z" finished-at="2019-05-31T05:21:01Z">
    <groups>
      <group name="cucumber">
        <method signature="AbstractTestNGCucumberTests.feature(cucumber.api.testng.CucumberFeatureWrapper)[pri:0, instance:output.Parallel01IT@184cf7cf]" name="feature" class="cucumber.api.testng.AbstractTestNGCucumberTests"/>
      </group> <!-- cucumber -->
    </groups>
    <test name="TestNG Test0" duration-ms="418" started-at="2019-05-31T05:21:00Z" finished-at="2019-05-31T05:21:01Z">
      <class name="output.Parallel01IT">
        <test-method status="PASS" signature="setUpClass()[pri:0, instance:output.Parallel01IT@184cf7cf]" name="setUpClass" is-config="true" duration-ms="218" started-at="2019-05-31T10:51:00Z" finished-at="2019-05-31T10:51:01Z">
          <reporter-output>
          </reporter-output>
        </test-method> <!-- setUpClass -->
        <test-method status="FAIL" signature="feature(cucumber.api.testng.CucumberFeatureWrapper)[pri:0, instance:output.Parallel01IT@184cf7cf]" name="feature" duration-ms="120" started-at="2019-05-31T10:51:01Z" description="Runs Cucumber Feature" data-provider="features" finished-at="2019-05-31T10:51:01Z">
          <params>
            <param index="0">
              <value>
                <![CDATA[Accounts]]>
              </value>
            </param>
          </params>
          <exception class="cucumber.runtime.CucumberException">
            <message>
              <![CDATA[java.lang.NullPointerException]]>
            </message>
            <full-stacktrace>
              <![CDATA[cucumber.runtime.CucumberException: java.lang.NullPointerException
	at cucumber.api.testng.TestNGCucumberRunner.runCucumber(TestNGCucumberRunner.java:69)
	at cucumber.api.testng.AbstractTestNGCucumberTests.feature(AbstractTestNGCucumberTests.java:21)
	at sun.reflect.NativeMethodAccessorImpl.invoke0(Native Method)
	at sun.reflect.NativeMethodAccessorImpl.invoke(NativeMethodAccessorImpl.java:62)
	at sun.reflect.DelegatingMethodAccessorImpl.invoke(DelegatingMethodAccessorImpl.java:43)
	at java.lang.reflect.Method.invoke(Method.java:498)
	at org.testng.internal.MethodInvocationHelper.invokeMethod(MethodInvocationHelper.java:108)
	at org.testng.internal.Invoker.invokeMethod(Invoker.java:661)
	at org.testng.internal.Invoker.invokeTestMethod(Invoker.java:869)
	at org.testng.internal.Invoker.invokeTestMethods(Invoker.java:1193)
	at org.testng.internal.TestMethodWorker.invokeTestMethods(TestMethodWorker.java:126)
	at org.testng.internal.TestMethodWorker.run(TestMethodWorker.java:109)
	at org.testng.TestRunner.privateRun(TestRunner.java:744)
	at org.testng.TestRunner.run(TestRunner.java:602)
	at org.testng.SuiteRunner.runTest(SuiteRunner.java:380)
	at org.testng.SuiteRunner.access$000(SuiteRunner.java:39)
	at org.testng.SuiteRunner$SuiteWorker.run(SuiteRunner.java:414)
	at org.testng.internal.thread.ThreadUtil$1.call(ThreadUtil.java:52)
	at java.util.concurrent.FutureTask.run(FutureTask.java:266)
	at java.util.concurrent.ThreadPoolExecutor.runWorker(ThreadPoolExecutor.java:1149)
	at java.util.concurrent.ThreadPoolExecutor$Worker.run(ThreadPoolExecutor.java:624)
	at java.lang.Thread.run(Thread.java:748)
Caused by: java.lang.NullPointerException
	at com.mobile.wordpress.pages.LoginPage.enterCredentails(LoginPage.java:26)
	at com.mobile.wordpress.steps.LoginSteps.iEnterUserCredentials(LoginSteps.java:35)
	at ✽.When I enter user credentials(/Users/sharon/Desktop/Appium/AppiumDemo/src/test/resources/features/Accounts.feature:7)
]]>
            </full-stacktrace>
          </exception> <!-- cucumber.runtime.CucumberException -->
          <reporter-output>
          </reporter-output>
        </test-method> <!-- feature -->
        <test-method status="PASS" signature="tearDownClass()[pri:0, instance:output.Parallel01IT@184cf7cf]" name="tearDownClass" is-config="true" duration-ms="12" started-at="2019-05-31T10:51:01Z" finished-at="2019-05-31T10:51:01Z">
          <reporter-output>
          </reporter-output>
        </test-method> <!-- tearDownClass -->
      </class> <!-- output.Parallel01IT -->
    </test> <!-- TestNG Test0 -->
  </suite> <!-- TestNG Forum -->
</testng-results>
